android/app/build/outputs/mapping/release/configuration.txt
# The proguard configuration file for the following section is release/processReleaseResources/aapt_rules.txt
-keep class androidx.core.app.CoreComponentFactory { <init>(); }
-keep class androidx.credentials.playservices.CredentialProviderMetadataHolder { <init>(); }
-keep class androidx.credentials.playservices.HiddenActivity { <init>(); }
-keep class androidx.profileinstaller.ProfileInstallReceiver { <init>(); }
-keep class androidx.room.MultiInstanceInvalidationService { <init>(); }
-keep class androidx.startup.InitializationProvider { <init>(); }
-keep class androidx.test.core.app.InstrumentationActivityInvoker$BootstrapActivity { <init>(); }
-keep class androidx.test.core.app.InstrumentationActivityInvoker$EmptyActivity { <init>(); }
-keep class androidx.test.core.app.InstrumentationActivityInvoker$EmptyFloatingActivity { <init>(); }
-keep class androidx.work.impl.background.systemalarm.ConstraintProxy$BatteryChargingProxy { <init>(); }
-keep class androidx.work.impl.background.systemalarm.ConstraintProxy$BatteryNotLowProxy { <init>(); }
-keep class androidx.work.impl.background.systemalarm.ConstraintProxy$NetworkStateProxy { <init>(); }
-keep class androidx.work.impl.background.systemalarm.ConstraintProxy$StorageNotLowProxy { <init>(); }
-keep class androidx.work.impl.background.systemalarm.ConstraintProxyUpdateReceiver { <init>(); }
-keep class androidx.work.impl.background.systemalarm.RescheduleReceiver { <init>(); }
-keep class androidx.work.impl.background.systemalarm.SystemAlarmService { <init>(); }
-keep class androidx.work.impl.background.systemjob.SystemJobService { <init>(); }
-keep class androidx.work.impl.diagnostics.DiagnosticsReceiver { <init>(); }
-keep class androidx.work.impl.foreground.SystemForegroundService { <init>(); }
-keep class androidx.work.impl.utils.ForceStopRunnable$BroadcastReceiver { <init>(); }
-keep class com.dexterous.flutterlocalnotifications.ScheduledNotificationReceiver { <init>(); }
-keep class com.example.reminder_app.DeviceBootReceiver { <init>(); }
-keep class com.example.reminder_app.EmailBroadcastReceiver { <init>(); }
-keep class com.example.reminder_app.MainActivity { <init>(); }
-keep class com.example.reminder_app.NotificationMonitorService { <init>(); }
-keep class com.example.reminder_app.RescheduleService { <init>(); }
-keep class com.google.android.datatransport.runtime.backends.TransportBackendDiscovery { <init>(); }
-keep class com.google.android.datatransport.runtime.scheduling.jobscheduling.AlarmManagerSchedulerBroadcastReceiver { <init>(); }
-keep class com.google.android.datatransport.runtime.scheduling.jobscheduling.JobInfoSchedulerService { <init>(); }
-keep class com.google.android.gms.auth.api.signin.RevocationBoundService { <init>(); }
-keep class com.google.android.gms.auth.api.signin.internal.SignInHubActivity { <init>(); }
-keep class com.google.android.gms.common.api.GoogleApiActivity { <init>(); }
-keep class com.google.android.play.core.common.PlayCoreDialogWrapperActivity { <init>(); }
-keep class com.google.firebase.auth.internal.GenericIdpActivity { <init>(); }
-keep class com.google.firebase.auth.internal.RecaptchaActivity { <init>(); }
-keep class com.google.firebase.components.ComponentDiscoveryService { <init>(); }
-keep class com.google.firebase.iid.FirebaseInstanceIdReceiver { <init>(); }
-keep class com.google.firebase.messaging.FirebaseMessagingService { <init>(); }
-keep class com.google.firebase.provider.FirebaseInitProvider { <init>(); }
-keep class android.widget.Space { <init>(android.content.Context, android.util.AttributeSet); }

-keep class androidx.appcompat.app.AlertController$RecycleListView { <init>(android.content.Context, android.util.AttributeSet); }

-keep class androidx.appcompat.view.menu.ActionMenuItemView { <init>(android.content.Context, android.util.AttributeSet); }

-keep class androidx.appcompat.view.menu.ExpandedMenuView { <init>(android.content.Context, android.util.AttributeSet); }

-keep class androidx.appcompat.view.menu.ListMenuItemView { <init>(android.content.Context, android.util.AttributeSet); }

-keep class androidx.appcompat.widget.ActionBarContainer { <init>(android.content.Context, android.util.AttributeSet); }

-keep class androidx.appcompat.widget.ActionBarContextView { <init>(android.content.Context, android.util.AttributeSet); }

-keep class androidx.appcompat.widget.ActionBarOverlayLayout { <init>(android.content.Context, android.util.AttributeSet); }

-keep class androidx.appcompat.widget.ActionMenuView { <init>(android.content.Context, android.util.AttributeSet); }

-keep class androidx.appcompat.widget.ActivityChooserView$InnerLayout { <init>(android.content.Context, android.util.AttributeSet); }

-keep class androidx.appcompat.widget.AlertDialogLayout { <init>(android.content.Context, android.util.AttributeSet); }

-keep class androidx.appcompat.widget.ButtonBarLayout { <init>(android.content.Context, android.util.AttributeSet); }

-keep class androidx.appcompat.widget.ContentFrameLayout { <init>(android.content.Context, android.util.AttributeSet); }

-keep class androidx.appcompat.widget.DialogTitle { <init>(android.content.Context, android.util.AttributeSet); }

-keep class androidx.appcompat.widget.FitWindowsFrameLayout { <init>(android.content.Context, android.util.AttributeSet); }

-keep class androidx.appcompat.widget.FitWindowsLinearLayout { <init>(android.content.Context, android.util.AttributeSet); }

-keep class androidx.appcompat.widget.SearchView$SearchAutoComplete { <init>(android.content.Context, android.util.AttributeSet); }

-keep class androidx.appcompat.widget.SwitchCompat { <init>(android.content.Context, android.util.AttributeSet); }

-keep class androidx.appcompat.widget.Toolbar { <init>(android.content.Context, android.util.AttributeSet); }

-keep class androidx.appcompat.widget.ViewStubCompat { <init>(android.content.Context, android.util.AttributeSet); }

-keep class androidx.browser.browseractions.BrowserActionsFallbackMenuView { <init>(android.content.Context, android.util.AttributeSet); }

-keep class androidx.core.widget.NestedScrollView { <init>(android.content.Context, android.util.AttributeSet); }

-keep class androidx.preference.UnPressableLinearLayout { <init>(android.content.Context, android.util.AttributeSet); }

-keep class androidx.preference.internal.PreferenceImageView { <init>(android.content.Context, android.util.AttributeSet); }

-keep class androidx.recyclerview.widget.RecyclerView { <init>(android.content.Context, android.util.AttributeSet); }


# End of content from release/processReleaseResources/aapt_rules.txt
# The proguard configuration file for the following section is default_proguard_files/global/proguard-android-optimize.txt-8.7.0
# This is a configuration file for ProGuard.
# http://proguard.sourceforge.net/index.html#manual/usage.html
#
# Starting with version 2.2 of the Android plugin for Gradle, this file is distributed together with
# the plugin and unpacked at build-time. The files in $ANDROID_HOME are no longer maintained and
# will be ignored by new version of the Android plugin for Gradle.

# Optimizations: If you don't want to optimize, use the proguard-android.txt configuration file
# instead of this one, which turns off the optimization flags.
-allowaccessmodification

# Preserve some attributes that may be required for reflection.
-keepattributes AnnotationDefault,
                EnclosingMethod,
                InnerClasses,
                RuntimeVisibleAnnotations,
                RuntimeVisibleParameterAnnotations,
                RuntimeVisibleTypeAnnotations,
                Signature

-keep public class com.google.vending.licensing.ILicensingService
-keep public class com.android.vending.licensing.ILicensingService
-keep public class com.google.android.vending.licensing.ILicensingService
-dontnote com.android.vending.licensing.ILicensingService
-dontnote com.google.vending.licensing.ILicensingService
-dontnote com.google.android.vending.licensing.ILicensingService

# For native methods, see https://www.guardsquare.com/manual/configuration/examples#native
-keepclasseswithmembernames,includedescriptorclasses class * {
    native <methods>;
}

# Keep setters in Views so that animations can still work.
-keepclassmembers public class * extends android.view.View {
    void set*(***);
    *** get*();
}

# We want to keep methods in Activity that could be used in the XML attribute onClick.
-keepclassmembers class * extends android.app.Activity {
    public void *(android.view.View);
}

# For enumeration classes, see https://www.guardsquare.com/manual/configuration/examples#enumerations
-keepclassmembers enum * {
    public static **[] values();
    public static ** valueOf(java.lang.String);
}

-keepclassmembers class * implements android.os.Parcelable {
    public static final ** CREATOR;
}

# Preserve annotated Javascript interface methods.
-keepclassmembers class * {
    @android.webkit.JavascriptInterface <methods>;
}

# The support libraries contains references to newer platform versions.
# Don't warn about those in case this app is linking against an older
# platform version. We know about them, and they are safe.
-dontnote android.support.**
-dontnote androidx.**
-dontwarn android.support.**
-dontwarn androidx.**

# Understand the @Keep support annotation.
-keep class android.support.annotation.Keep

-keep @android.support.annotation.Keep class * {*;}

-keepclasseswithmembers class * {
    @android.support.annotation.Keep <methods>;
}

-keepclasseswithmembers class * {
    @android.support.annotation.Keep <fields>;
}

-keepclasseswithmembers class * {
    @android.support.annotation.Keep <init>(...);
}

# These classes are duplicated between android.jar and org.apache.http.legacy.jar.
-dontnote org.apache.http.**
-dontnote android.net.http.**

# These classes are duplicated between android.jar and core-lambda-stubs.jar.
-dontnote java.lang.invoke.**

# End of content from default_proguard_files/global/proguard-android-optimize.txt-8.7.0
# The proguard configuration file for the following section is flutter_tools/gradle/flutter_proguard_rules.pro
# Build the ephemeral app in a module project.
# Prevents: Warning: library class <plugin-package> depends on program class io.flutter.plugin.**
# This is due to plugins (libraries) depending on the embedding (the program jar)
-dontwarn io.flutter.plugin.**

# The android.** package is provided by the OS at runtime.
-dontwarn android.**

# In some cases, R8 is incorrectly stripping plugin classes. Keep
# all implementations of FlutterPlugin until we can determine
# why this is the case.
# See https://github.com/flutter/flutter/issues/154580.
-if class * implements io.flutter.embedding.engine.plugins.FlutterPlugin
-keep,allowshrinking,allowobfuscation class <1>

# End of content from flutter_tools/gradle/flutter_proguard_rules.pro
# The proguard configuration file for the following section is transformed/work-runtime-2.9.0/proguard.txt
-keep class * extends androidx.work.Worker
-keep class * extends androidx.work.InputMerger
# Keep all constructors on ListenableWorker, Worker
-keep public class * extends androidx.work.ListenableWorker {
    public <init>(...);
}
# We need to keep WorkerParameters for the ListenableWorker constructor
-keep class androidx.work.WorkerParameters

# End of content from transformed/work-runtime-2.9.0/proguard.txt
# The proguard configuration file for the following section is transformed/jetified-firebase-auth-23.2.0/proguard.txt
-dontwarn com.google.appengine.api.**
-dontwarn okio.**
-dontwarn org.apache.**
-dontwarn retrofit.android.**
-dontwarn retrofit.appengine.**
-dontwarn retrofit.client.**
-dontwarn rx.**

# This is necessary for keeping SecureTokenHttpApi and IdentityToolkitHttpApi
# Otherwise those classes get stripped out, as they are only being used
# reflectively.

-keepclasseswithmembernames interface * {
    @retrofit.http.* <methods>;
}

# This is necessary for parsing JSON responses, since the JSON converter uses reflection to figure out the class/type of response.
# We mainly need the *Response.classes to not be stripped out. All the firebase-auth classes are proguarded into "com.google.android.gms.internal.firebase-auth-api*".

-keep class com.google.android.gms.internal.** { *; }

# We keep all fields for every generated proto file as the runtime uses
# reflection over them that ProGuard cannot detect. Without this keep
# rule, fields may be removed that would cause runtime failures.
-keepclassmembers class * extends com.google.android.gms.internal.firebase-auth-api.zzakg {
  <fields>;
}

# End of content from transformed/jetified-firebase-auth-23.2.0/proguard.txt
# The proguard configuration file for the following section is transformed/jetified-recaptcha-18.6.1/proguard.txt
# Proguard cannot process META-INF/versions/9.
# See https://discuss.gradle.org/t/meta-inf-version-duplicate-error-when-using-proguard/31380
-dontwarn module-info

# Ignore the warning becuse ClassValueCtorCache is never used on Android.
-dontwarn kotlinx.coroutines.internal.ClassValueCtorCache

# Ignore warning due to the usage from Guava and kotlinx.coroutines.internal.ClassValueCtorCache
-dontwarn java.lang.ClassValue

# Ignore warning to accommodate the missing injar of kotlinx.coroutines.flow for
# androidx.slidingpanelayout.widget.
-dontwarn kotlinx.coroutines.flow.**

# This prevents the SDK to be obfuscated again when building the android app.
-keep class com.google.android.recaptcha.** { *; }

# This is required for recaptcha mobile to function properly.
# See: https://cloud.google.com/recaptcha-enterprise/docs/instrument-android-apps
-keep class com.google.android.play.core.integrity.** { *; }
-keep class com.google.android.gms.tasks.** {*;}

# To keep okhttp3 generated files which are used in our NetworkModule which is
# used widely across the app.
-dontwarn com.squareup.okhttp3.**
-dontwarn okhttp3.**
-keep class com.squareup.okhttp3.* { *;}
-keep class okhttp3.**
# We keep all fields for every generated proto file as the runtime uses
# reflection over them that ProGuard cannot detect. Without this keep
# rule, fields may be removed that would cause runtime failures.
-keepclassmembers class * extends com.google.android.recaptcha.internal.zznd {
  <fields>;
}

# End of content from transformed/jetified-recaptcha-18.6.1/proguard.txt
# The proguard configuration file for the following section is transformed/jetified-firebase-firestore-25.1.3/proguard.txt
# Needed for DNS resolution.  Present in OpenJDK, but not Android
-dontwarn javax.naming.**

# Don't warn about checkerframework
#
# Guava uses the checkerframework and the annotations
# can safely be ignored at runtime.
-dontwarn org.checkerframework.**

# Guava warnings:
-dontwarn java.lang.ClassValue
-dontwarn com.google.j2objc.annotations.Weak
-dontwarn org.codehaus.mojo.animal_sniffer.IgnoreJRERequirement
-dontwarn javax.lang.model.element.Modifier

# Okhttp warnings.
-dontwarn okio.**
-dontwarn com.google.j2objc.annotations.**

# End of content from transformed/jetified-firebase-firestore-25.1.3/proguard.txt
# The proguard configuration file for the following section is transformed/jetified-firebase-auth-interop-20.0.0/proguard.txt
# Can be removed once we pull in a dependency on firebase-common that includes
# https://github.com/firebase/firebase-android-sdk/pull/1472/commits/856f1ca1151cdd88679bbc778892f23dfa34fc06#diff-a2ed34b5a38b4c6c686b09e54865eb48
-dontwarn com.google.auto.value.AutoValue
-dontwarn com.google.auto.value.AutoValue$Builder

# End of content from transformed/jetified-firebase-auth-interop-20.0.0/proguard.txt
# The proguard configuration file for the following section is transformed/jetified-firebase-common-21.0.0/proguard.txt
-dontwarn com.google.firebase.platforminfo.KotlinDetector
-dontwarn com.google.auto.value.AutoValue
-dontwarn com.google.auto.value.AutoValue$Builder

# End of content from transformed/jetified-firebase-common-21.0.0/proguard.txt
# The proguard configuration file for the following section is transformed/jetified-credentials-play-services-auth-1.2.0-rc01/proguard.txt
-if class androidx.credentials.CredentialManager
-keep class androidx.credentials.playservices.** {
  *;
}
# End of content from transformed/jetified-credentials-play-services-auth-1.2.0-rc01/proguard.txt
# The proguard configuration file for the following section is transformed/jetified-play-services-auth-base-18.0.4/proguard.txt
# We keep all fields for every generated proto file as the runtime uses
# reflection over them that ProGuard cannot detect. Without this keep
# rule, fields may be removed that would cause runtime failures.
-keepclassmembers class * extends com.google.android.gms.internal.auth.zzeu {
  <fields>;
}

# End of content from transformed/jetified-play-services-auth-base-18.0.4/proguard.txt
# The proguard configuration file for the following section is transformed/jetified-play-services-fido-20.1.0/proguard.txt
# Methods enable and disable in this class are complained as unresolved
# references, but they are system APIs and are not used by Fido client apps.
-dontwarn android.nfc.NfcAdapter

# End of content from transformed/jetified-play-services-fido-20.1.0/proguard.txt
# The proguard configuration file for the following section is transformed/jetified-play-services-base-18.5.0/proguard.txt
# b/35135904 Ensure that proguard will not strip the mResultGuardian.
-keepclassmembers class com.google.android.gms.common.api.internal.BasePendingResult {
  com.google.android.gms.common.api.internal.BasePendingResult$ReleasableResultGuardian mResultGuardian;
}



# End of content from transformed/jetified-play-services-base-18.5.0/proguard.txt
# The proguard configuration file for the following section is transformed/jetified-play-services-tasks-18.2.0/proguard.txt


# End of content from transformed/jetified-play-services-tasks-18.2.0/proguard.txt
# The proguard configuration file for the following section is transformed/jetified-play-services-basement-18.5.0/proguard.txt
# Needed when building against pre-Marshmallow SDK.
-dontwarn android.security.NetworkSecurityPolicy

# Needed when building against Marshmallow SDK.
-dontwarn android.app.Notification

# Protobuf has references not on the Android boot classpath
-dontwarn sun.misc.Unsafe
-dontwarn libcore.io.Memory

# Annotations used during internal SDK shrinking.
-dontwarn com.google.android.apps.common.proguard.UsedBy*
-dontwarn com.google.android.apps.common.proguard.SideEffectFree

# Annotations referenced by the SDK but whose definitions are contained in
# non-required dependencies.
-dontwarn javax.annotation.**
-dontwarn org.checkerframework.**
-dontwarn com.google.errorprone.annotations.**
-dontwarn org.jspecify.annotations.NullMarked

# Annotations no longer exist. Suppression prevents ProGuard failures in
# SDKs which depend on earlier versions of play-services-basement.
-dontwarn com.google.android.gms.common.util.VisibleForTesting

# Proguard flags for consumers of the Google Play services SDK
# https://developers.google.com/android/guides/setup#add_google_play_services_to_your_project

# Keep SafeParcelable NULL value, needed for reflection by DowngradeableSafeParcel
-keepclassmembers public class com.google.android.gms.common.internal.safeparcel.SafeParcelable {
    public static final *** NULL;
}

# Needed for Parcelable/SafeParcelable classes & their creators to not get renamed, as they are
# found via reflection.
-keep class com.google.android.gms.common.internal.ReflectedParcelable
-keepnames class * implements com.google.android.gms.common.internal.ReflectedParcelable
-keepclassmembers class * implements android.os.Parcelable {
  public static final *** CREATOR;
}

# Keep the classes/members we need for client functionality.
-keep @interface android.support.annotation.Keep
-keep @androidx.annotation.Keep class *
-keepclasseswithmembers class * {
  @androidx.annotation.Keep <fields>;
}