android/app/build/outputs/mapping/release/seeds.txt
com.example.reminder_app.RescheduleService
com.example.reminder_app.EmailBroadcastReceiver
com.example.reminder_app.DeviceBootReceiver
com.example.reminder_app.NotificationMonitorService
com.example.reminder_app.MainActivity
com.example.reminder_app.EmailBroadcastReceiver: EmailBroadcastReceiver()
com.example.reminder_app.NotificationMonitorService: NotificationMonitorService()
com.example.reminder_app.MainActivity: MainActivity()
com.example.reminder_app.RescheduleService: RescheduleService()
com.example.reminder_app.DeviceBootReceiver: DeviceBootReceiver()
...
com.google.android.gms.tasks.TaskCompletionSource: com.google.android.gms.tasks.zzw zza(com.google.android.gms.tasks.TaskCompletionSource)
com.google.android.recaptcha.internal.zzhm: void zza(int,com.google.android.recaptcha.internal.zzgd,com.google.android.recaptcha.internal.zzue[])
com.google.android.gms.internal.firebase-auth-api.zzbs: com.google.android.gms.internal.firebase-auth-api.zzbq zza(com.google.android.gms.internal.firebase-auth-api.zzwc)
com.google.android.gms.internal.fido.zzbw: com.google.android.gms.internal.fido.zzbr zza()
androidx.core.view.accessibility.AccessibilityNodeInfoCompat$Api34Impl: long getMinDurationBetweenContentChangeMillis(android.view.accessibility.AccessibilityNodeInfo)
com.google.android.gms.internal.firebase-auth-api.zzana$zzb: float zzb(java.lang.Object,long)
com.google.android.gms.internal.firebase-auth-api.zzana: long zzd(java.lang.Object,long)
com.google.android.gms.internal.auth.zzat: void zze()
com.google.android.gms.common.internal.GmsClient: com.google.android.gms.common.internal.ClientSettings getClientSettings()
com.google.android.gms.tasks.TaskCompletionSource: TaskCompletionSource(com.google.android.gms.tasks.CancellationToken)
androidx.appcompat.widget.SearchView: void setImeOptions(int)
com.google.android.gms.internal.firebase-auth-api.zzaii: boolean zzf()
com.google.android.recaptcha.internal.zzln: zzln(com.google.android.recaptcha.internal.zzlm)
com.google.android.play.integrity.internal.t: void run()
com.google.android.recaptcha.internal.zzkr: boolean addAll(java.util.Collection)
com.google.android.recaptcha.internal.zzkv: int indexOf(java.lang.Object)
com.google.android.recaptcha.internal.zzlg: int zzd()
com.google.android.recaptcha.internal.zzil: java.lang.Object invoke(java.lang.Object,java.lang.Object)
com.google.android.gms.internal.firebase-auth-api.zzaik: java.lang.String zzd()
com.google.android.gms.internal.firebase-auth-api.zzkc: zzkc()
com.google.android.gms.internal.auth.zzfo: zzfo()
com.google.android.gms.internal.firebase-auth-api.zzajt: void add(int,java.lang.Object)
com.google.android.gms.internal.firebase-auth-api.zzyg: byte[] zza(byte[],java.lang.String,byte[],byte[],int,com.google.android.gms.internal.firebase-auth-api.zzyk)
com.google.android.recaptcha.internal.zzfy: zzfy(kotlin.jvm.functions.Function2,java.lang.String,java.lang.Object)
com.google.android.gms.internal.auth-api.zban: void accept(java.lang.Object,java.lang.Object)
com.google.android.gms.internal.firebase-auth-api.zzahe: com.google.android.gms.internal.firebase-auth-api.zzahe zza(java.lang.String,java.lang.String)
com.google.android.play.core.integrity.az: az(com.google.android.play.core.integrity.bn,com.google.android.play.core.integrity.bt)
com.google.android.recaptcha.internal.zznc: zznc(com.google.android.recaptcha.internal.zzoi,java.lang.Object,com.google.android.recaptcha.internal.zzoi,com.google.android.recaptcha.internal.zznb,java.lang.Class)
com.google.android.gms.internal.firebase-auth-api.zzaeu: void zza(com.google.android.gms.internal.firebase-auth-api.zzafy,com.google.android.gms.internal.firebase-auth-api.zzaew)
com.google.android.gms.internal.firebase-auth-api.zzjz: zzjz()
com.google.android.gms.internal.firebase-auth-api.zzaiu: void zze(int)
com.google.android.gms.internal.firebase-auth-api.zzia: zzia()
com.google.android.gms.internal.location.zzew: java.lang.Object[] zzb()
com.google.android.gms.internal.auth.zzdu: void zzg(int)
com.google.android.gms.internal.common.zzag: boolean retainAll(java.util.Collection)
com.google.android.gms.internal.firebase-auth-api.zzf: boolean zza(char)
io.grpc.okhttp.NegotiationType: io.grpc.okhttp.NegotiationType[] values()
com.google.android.gms.internal.firebase-auth-api.zzahx: zzahx(java.util.List)
com.google.android.gms.internal.firebase-auth-api.zzwb: com.google.android.gms.internal.firebase-auth-api.zzwb zzc()
com.google.android.recaptcha.internal.zzto: void zzi(com.google.android.recaptcha.internal.zzto,java.lang.String)