android/app/build/outputs/mapping/release/usage.txt
com.example.reminder_app.DeviceBootReceiver:
    private static final java.lang.String TAG
com.example.reminder_app.EmailBroadcastReceiver$1:
    protected javax.mail.PasswordAuthentication getPasswordAuthentication()
com.example.reminder_app.EmailBroadcastReceiver:
    private static final java.lang.String TAG
com.example.reminder_app.MainActivity:
    private static final java.lang.String CHANNEL
com.example.reminder_app.NotificationMonitorService:
    private static final java.lang.String TAG
com.example.reminder_app.R$color
com.example.reminder_app.R$drawable
com.example.reminder_app.R$mipmap
com.example.reminder_app.R$raw
com.example.reminder_app.R$string
com.example.reminder_app.R$style
com.example.reminder_app.R
com.example.reminder_app.RescheduleService:
    private static final java.lang.String CHANNEL_ID
    private static final java.lang.String PREF_NAME
    private static final java.lang.String PREF_SERVICE_RUNNING
    private static final java.lang.String TAG
com.example.reminder_app.EmailBroadcastReceiver$1:
    public final synthetic com.example.reminder_app.EmailBroadcastReceiver this$0
    public final synthetic java.lang.String val$senderEmail
    public final synthetic java.lang.String val$senderPassword
com.example.reminder_app.EmailBroadcastReceiver:
    public static void lambda$sendEmail$1()
    public static void lambda$sendEmailInBackground$0()
    public static void sendEmail()
    public static void sendEmailInBackground()
com.example.reminder_app.MainActivity:
    public final void configureFlutterEngine()
    public static synthetic void lambda$configureFlutterEngine$0()
com.example.reminder_app.RescheduleService:
    public static void createNotificationChannel()
    public static android.app.Notification getNotification()
...
org.junit.experimental.runners.Enclosed
org.junit.experimental.theories.DataPoint
org.junit.experimental.theories.DataPoints
org.junit.experimental.theories.FromDataPoints
org.junit.experimental.theories.ParameterSignature
org.junit.experimental.theories.ParameterSupplier
org.junit.experimental.theories.ParametersSuppliedBy
org.junit.experimental.theories.PotentialAssignment$1
org.junit.experimental.theories.PotentialAssignment$CouldNotGenerateValueException
org.junit.experimental.theories.PotentialAssignment
org.junit.experimental.theories.Theories$TheoryAnchor$1$1
org.junit.experimental.theories.Theories$TheoryAnchor$1
org.junit.experimental.theories.Theories$TheoryAnchor$2
org.junit.experimental.theories.Theories$TheoryAnchor
org.junit.experimental.theories.Theories
org.junit.experimental.theories.Theory
org.junit.experimental.theories.internal.AllMembersSupplier$1
org.junit.experimental.theories.internal.AllMembersSupplier$MethodParameterValue
org.junit.experimental.theories.internal.AllMembersSupplier
org.junit.experimental.theories.internal.Assignments
org.junit.experimental.theories.internal.BooleanSupplier
org.junit.experimental.theories.internal.EnumSupplier
org.junit.experimental.theories.internal.ParameterizedAssertionError
org.junit.experimental.theories.internal.SpecificDataPointsSupplier
org.junit.experimental.theories.suppliers.TestedOn
org.junit.experimental.theories.suppliers.TestedOnSupplier
org.junit.function.ThrowingRunnable
org.junit.internal.ArrayComparisonFailure
org.junit.internal.AssumptionViolatedException
org.junit.internal.Checks
org.junit.internal.Classes
org.junit.internal.ComparisonCriteria$1
org.junit.internal.ComparisonCriteria
org.junit.internal.ExactComparisonCriteria
org.junit.internal.InexactComparisonCriteria
org.junit.internal.JUnitSystem
org.junit.internal.MethodSorter$1
org.junit.internal.MethodSorter$2
org.junit.internal.MethodSorter
org.junit.internal.RealSystem
org.junit.internal.SerializableMatcherDescription
org.junit.internal.SerializableValueDescription
org.junit.internal.TextListener
org.junit.internal.Throwables$1
org.junit.internal.Throwables$State$1
org.junit.internal.Throwables$State$2
org.junit.internal.Throwables$State$3
org.junit.internal.Throwables$State$4
org.junit.internal.Throwables$State
org.junit.internal.Throwables
org.junit.internal.builders.AllDefaultPossibilitiesBuilder
org.junit.internal.builders.AnnotatedBuilder
org.junit.internal.builders.IgnoredBuilder
org.junit.internal.builders.IgnoredClassRunner
org.junit.internal.builders.JUnit3Builder
org.junit.internal.builders.JUnit4Builder
org.junit.internal.builders.NullBuilder
org.junit.internal.builders.SuiteMethodBuilder
org.junit.internal.management.FakeRuntimeMXBean
org.junit.internal.management.FakeThreadMXBean
org.junit.internal.management.ManagementFactory$FactoryHolder
org.junit.internal.management.ManagementFactory$RuntimeHolder
org.junit.internal.management.ManagementFactory$ThreadHolder
org.junit.internal.management.ManagementFactory
org.junit.internal.management.ReflectiveRuntimeMXBean$Holder
org.junit.internal.management.ReflectiveRuntimeMXBean
org.junit.internal.management.ReflectiveThreadMXBean$Holder
org.junit.internal.management.ReflectiveThreadMXBean
org.junit.internal.management.RuntimeMXBean
org.junit.internal.management.ThreadMXBean
org.junit.internal.matchers.StacktracePrintingMatcher
org.junit.internal.matchers.ThrowableCauseMatcher
org.junit.internal.matchers.ThrowableMessageMatcher
org.junit.internal.matchers.TypeSafeMatcher
org.junit.internal.requests.ClassRequest$1
org.junit.internal.requests.ClassRequest$CustomAllDefaultPossibilitiesBuilder
org.junit.internal.requests.ClassRequest$CustomSuiteMethodBuilder
org.junit.internal.requests.ClassRequest
org.junit.internal.requests.FilterRequest
org.junit.internal.requests.MemoizingRequest
org.junit.internal.requests.OrderingRequest
org.junit.internal.requests.SortingRequest
org.junit.internal.runners.ClassRoadie